<?xml version="1.0" encoding="UTF-8"?>
<testng-results ignored="0" total="1" passed="1" failed="0" skipped="0">
  <reporter-output>
    <line>
      <![CDATA[no of rows are::5]]>
    </line>
    <line>
      <![CDATA[Customer-00000003530=================Customer-00000003530]]>
    </line>
    <line>
      <![CDATA[Customer-00000003531=================Customer-00000003531]]>
    </line>
    <line>
      <![CDATA[Customer-00000003532=================Customer-00000003532]]>
    </line>
    <line>
      <![CDATA[Customer-00000003533=================Customer-00000003533]]>
    </line>
    <line>
      <![CDATA[Customer-00000003534=================Customer-00000003534]]>
    </line>
  </reporter-output>
  <suite started-at="2024-03-21T12:34:57 IST" name="Default suite" finished-at="2024-03-21T12:36:10 IST" duration-ms="72947">
    <groups>
    </groups>
    <test started-at="2024-03-21T12:34:57 IST" name="Default test" finished-at="2024-03-21T12:36:10 IST" duration-ms="72947">
      <class name="driverFactory.AppTest">
        <test-method is-config="true" signature="SetUp()[pri:0, instance:driverFactory.AppTest@4218d6a3]" started-at="2024-03-21T12:34:57 IST" name="SetUp" finished-at="2024-03-21T12:35:04 IST" duration-ms="6852" status="PASS">
          <reporter-output>
          </reporter-output>
        </test-method> <!-- SetUp -->
        <test-method signature="startTest()[pri:0, instance:driverFactory.AppTest@4218d6a3]" started-at="2024-03-21T12:35:04 IST" name="startTest" finished-at="2024-03-21T12:36:08 IST" duration-ms="64688" status="PASS">
          <reporter-output>
            <line>
              <![CDATA[no of rows are::5]]>
            </line>
            <line>
              <![CDATA[Customer-00000003530=================Customer-00000003530]]>
            </line>
            <line>
              <![CDATA[Customer-00000003531=================Customer-00000003531]]>
            </line>
            <line>
              <![CDATA[Customer-00000003532=================Customer-00000003532]]>
            </line>
            <line>
              <![CDATA[Customer-00000003533=================Customer-00000003533]]>
            </line>
            <line>
              <![CDATA[Customer-00000003534=================Customer-00000003534]]>
            </line>
          </reporter-output>
        </test-method> <!-- startTest -->
        <test-method is-config="true" signature="tearDown()[pri:0, instance:driverFactory.AppTest@4218d6a3]" started-at="2024-03-21T12:36:08 IST" name="tearDown" finished-at="2024-03-21T12:36:10 IST" duration-ms="1265" status="PASS">
          <reporter-output>
          </reporter-output>
        </test-method> <!-- tearDown -->
      </class> <!-- driverFactory.AppTest -->
    </test> <!-- Default test -->
  </suite> <!-- Default suite -->
</testng-results>
